#
# There is insufficient memory for the Java Runtime Environment to continue.
# Native memory allocation (malloc) failed to allocate 1048576 bytes for AllocateHeap
# Possible reasons:
#   The system is out of physical RAM or swap space
#   In 32 bit mode, the process size limit was hit
# Possible solutions:
#   Reduce memory load on the system
#   Increase physical memory or swap space
#   Check if swap backing store is full
#   Use 64 bit Java on a 64 bit OS
#   Decrease Java heap size (-Xmx/-Xms)
#   Decrease number of Java threads
#   Decrease Java thread stack sizes (-Xss)
#   Set larger code cache with -XX:ReservedCodeCacheSize=
# This output file may be truncated or incomplete.
#
#  Out of Memory Error (memory/allocation.inline.hpp:61), pid=12092, tid=0x0000000000000c40
#
# JRE version:  (8.0_181-b13) (build )
# Java VM: Java HotSpot(TM) 64-Bit Server VM (25.181-b13 mixed mode windows-amd64 compressed oops)
# Failed to write core dump. Minidumps are not enabled by default on client versions of Windows
#

---------------  T H R E A D  ---------------

Current thread (0x0000000002dee000):  JavaThread "Unknown thread" [_thread_in_vm, id=3136, stack(0x0000000002e50000,0x0000000002f50000)]

Stack: [0x0000000002e50000,0x0000000002f50000]
[error occurred during error reporting (printing stack bounds), id 0xc0000005]

Native frames: (J=compiled Java code, j=interpreted, Vv=VM code, C=native code)


---------------  P R O C E S S  ---------------

Java Threads: ( => current thread )

Other Threads:

=>0x0000000002dee000 (exited) JavaThread "Unknown thread" [_thread_in_vm, id=3136, stack(0x0000000002e50000,0x0000000002f50000)]

VM state:not at safepoint (normal execution)

VM Mutex/Monitor currently owned by a thread: None

Heap:
 PSYoungGen      total 2048K, used 30K [0x00000000d5f00000, 0x00000000d6180000, 0x0000000100000000)
  eden space 1536K, 2% used [0x00000000d5f00000,0x00000000d5f07af0,0x00000000d6080000)
  from space 512K, 0% used [0x00000000d6100000,0x00000000d6100000,0x00000000d6180000)
  to   space 512K, 0% used [0x00000000d6080000,0x00000000d6080000,0x00000000d6100000)
 ParOldGen       total 5632K, used 0K [0x0000000081c00000, 0x0000000082180000, 0x00000000d5f00000)
  object space 5632K, 0% used [0x0000000081c00000,0x0000000081c00000,0x0000000082180000)
 Metaspace       used 784K, capacity 1092K, committed 1152K, reserved 1060864K
  class space    used 76K, capacity 384K, committed 384K, reserved 1048576K

Card table byte_map: [0x0000000012420000,0x0000000012820000] byte_map_base: 0x0000000012012000

Marking Bits: (ParMarkBitMap*) 0x0000000070f92d00
 Begin Bits: [0x0000000012ed0000, 0x0000000014e60000)
 End Bits:   [0x0000000014e60000, 0x0000000016df0000)

Polling page: 0x0000000001060000

CodeCache: size=245760Kb used=328Kb max_used=328Kb free=245431Kb
 bounds [0x0000000003060000, 0x00000000032d0000, 0x0000000012060000]
 total_blobs=58 nmethods=0 adapters=38
 compilation: enabled

Compilation events (0 events):
No events

GC Heap History (0 events):
No events

Deoptimization events (0 events):
No events

Classes redefined (0 events):
No events

Internal exceptions (0 events):
No events

Events (10 events):
Event: 0.024 loading class java/lang/Short
Event: 0.024 loading class java/lang/Short done
Event: 0.024 loading class java/lang/Integer
Event: 0.024 loading class java/lang/Integer done
Event: 0.024 loading class java/lang/Long
Event: 0.024 loading class java/lang/Long done
Event: 0.025 loading class java/lang/NullPointerException
Event: 0.025 loading class java/lang/NullPointerException done
Event: 0.025 loading class java/lang/ArithmeticException
Event: 0.025 loading class java/lang/ArithmeticException done


Dynamic libraries:
0x00007ff7d2410000 - 0x00007ff7d2417000 	C:\Program Files\Java\jdk1.8.0_181\bin\javac.exe
0x00007ffb11d50000 - 0x00007ffb11f31000 	C:\Windows\SYSTEM32\ntdll.dll
0x00007ffb0f490000 - 0x00007ffb0f542000 	C:\Windows\System32\KERNEL32.DLL
0x00007ffb0e370000 - 0x00007ffb0e5e3000 	C:\Windows\System32\KERNELBASE.dll
0x0000000072930000 - 0x000000007295f000 	C:\Program Files\Java\jdk1.8.0_181\bin\jli.dll
0x00007ffb0f870000 - 0x00007ffb0f911000 	C:\Windows\System32\ADVAPI32.dll
0x00007ffb11790000 - 0x00007ffb1182e000 	C:\Windows\System32\msvcrt.dll
0x0000000071100000 - 0x00000000711d2000 	C:\Program Files\Java\jdk1.8.0_181\bin\MSVCR100.dll
0x00007ffb0f1e0000 - 0x00007ffb0f23b000 	C:\Windows\System32\sechost.dll
0x00007ffb0f730000 - 0x00007ffb0f854000 	C:\Windows\System32\RPCRT4.dll
0x00007ffb114b0000 - 0x00007ffb11640000 	C:\Windows\System32\USER32.dll
0x00007ffb0eea0000 - 0x00007ffb0eec0000 	C:\Windows\System32\win32u.dll
0x00007ffb11030000 - 0x00007ffb11058000 	C:\Windows\System32\GDI32.dll
0x00007ffb0e120000 - 0x00007ffb0e2b2000 	C:\Windows\System32\gdi32full.dll
0x00007ffb0ee00000 - 0x00007ffb0ee9f000 	C:\Windows\System32\msvcp_win.dll
0x00007ffaf2640000 - 0x00007ffaf28a9000 	C:\Windows\WinSxS\amd64_microsoft.windows.common-controls_6595b64144ccf1df_6.0.17134.648_none_fb45a0e93062a6d2\COMCTL32.dll
0x00007ffb0ed00000 - 0x00007ffb0edf8000 	C:\Windows\System32\ucrtbase.dll
0x00007ffb11830000 - 0x00007ffb11b52000 	C:\Windows\System32\combase.dll
0x00007ffb0f160000 - 0x00007ffb0f1da000 	C:\Windows\System32\bcryptPrimitives.dll
0x00007ffb10de0000 - 0x00007ffb10e0d000 	C:\Windows\System32\IMM32.DLL
0x0000000071020000 - 0x00000000710f2000 	C:\Program Files\Java\jdk1.8.0_181\jre\bin\msvcr100.dll
0x0000000070770000 - 0x0000000071012000 	C:\Program Files\Java\jdk1.8.0_181\jre\bin\server\jvm.dll
0x00007ffb0f2e0000 - 0x00007ffb0f2e8000 	C:\Windows\System32\PSAPI.DLL
0x00007ffafc800000 - 0x00007ffafc809000 	C:\Windows\SYSTEM32\WSOCK32.dll
0x00007ffb092a0000 - 0x00007ffb092c3000 	C:\Windows\SYSTEM32\WINMM.dll
0x00007ffb06010000 - 0x00007ffb0601a000 	C:\Windows\SYSTEM32\VERSION.dll
0x00007ffb11650000 - 0x00007ffb116bc000 	C:\Windows\System32\WS2_32.dll
0x00007ffb09270000 - 0x00007ffb0929a000 	C:\Windows\SYSTEM32\WINMMBASE.dll
0x00007ffb0e2c0000 - 0x00007ffb0e309000 	C:\Windows\System32\cfgmgr32.dll
0x0000000072920000 - 0x000000007292f000 	C:\Program Files\Java\jdk1.8.0_181\jre\bin\verify.dll
0x00000000728f0000 - 0x0000000072919000 	C:\Program Files\Java\jdk1.8.0_181\jre\bin\java.dll
0x00000000728d0000 - 0x00000000728e6000 	C:\Program Files\Java\jdk1.8.0_181\jre\bin\zip.dll

VM Arguments:
jvm_args: -Dapplication.home=C:\Program Files\Java\jdk1.8.0_181 -Xms8m 
java_command: com.sun.tools.javac.Main Start.java
java_class_path (initial): C:\Program Files\Java\jdk1.8.0_181/lib/tools.jar;C:\Program Files\Java\jdk1.8.0_181/classes
Launcher Type: SUN_STANDARD

Environment Variables:
PATH=C:\Program Files (x86)\Common Files\Oracle\Java\javapath;C:\oraclexe\app\oracle\product\10.2.0\server\bin;C:\Windows\system32;C:\Windows;C:\Windows\System32\Wbem;C:\Windows\System32\WindowsPowerShell\v1.0\;C:\Windows\System32\OpenSSH\;C:\Program Files (x86)\NVIDIA Corporation\PhysX\Common;C:\Program Files\Intel\WiFi\bin\;C:\Program Files\Common Files\Intel\WirelessCommon\;C:\Program Files\Java\jre1.8.0_181\bin;C:\Program Files\Java\jdk1.8.0_181\bin;C:\Users\miidr\AppData\Local\Microsoft\WindowsApps;C:\Program Files\Intel\WiFi\bin\;C:\Program Files\Common Files\Intel\WirelessCommon\
USERNAME=miidr
OS=Windows_NT
PROCESSOR_IDENTIFIER=Intel64 Family 6 Model 142 Stepping 9, GenuineIntel



---------------  S Y S T E M  ---------------

OS: Windows 10.0 , 64 bit Build 17134 (10.0.17134.648)

CPU:total 4 (initial active 4) (2 cores per cpu, 2 threads per core) family 6 model 142 stepping 9, cmov, cx8, fxsr, mmx, sse, sse2, sse3, ssse3, sse4.1, sse4.2, popcnt, avx, avx2, aes, clmul, erms, 3dnowpref, lzcnt, ht, tsc, tscinvbit, bmi1, bmi2, adx

Memory: 4k page, physical 8271080k(4579612k free), swap 35387624k(5504k free)

vm_info: Java HotSpot(TM) 64-Bit Server VM (25.181-b13) for windows-amd64 JRE (1.8.0_181-b13), built on Jul  7 2018 04:01:33 by "java_re" with MS VC++ 10.0 (VS2010)

time: Sat Apr 13 12:20:23 2019
elapsed time: 0 seconds (0d 0h 0m 0s)

